Using pre-set license
Built from '2020.3/staging' branch; Version is '2020.3.6f1 (338bb68529b2) revision 3378102'; Using compiler version '192528614'; Build Type 'Release'
OS: 'Windows 10 Pro; OS build 19043.1237; Version 2009; 64bit' Language: 'en' Physical Memory: 16235 MB
BatchMode: 1, IsHumanControllingUs: 0, StartBugReporterOnCrash: 0, Is64bit: 1, IsPro: 0

 COMMAND LINE ARGUMENTS:
C:\Program Files\Unity\Hub\Editor\2020.3.6f1\Editor\Unity.exe
-adb2
-batchMode
-noUpm
-name
AssetImportWorker0
-projectPath
D:/unityprojects/GuardianGuards/GuadiansGuards
-logFile
Logs/AssetImportWorker0.log
-srvPort
52076
Successfully changed project path to: D:/unityprojects/GuardianGuards/GuadiansGuards
D:/unityprojects/GuardianGuards/GuadiansGuards
Using Asset Import Pipeline V2.
Refreshing native plugins compatible for Editor in 21.99 ms, found 0 plugins.
Preloading 0 native plugins for Editor in 0.00 ms.
Initialize engine version: 2020.3.6f1 (338bb68529b2)
[Subsystems] Discovering subsystems at path C:/Program Files/Unity/Hub/Editor/2020.3.6f1/Editor/Data/Resources/UnitySubsystems
[Subsystems] Discovering subsystems at path D:/unityprojects/GuardianGuards/GuadiansGuards/Assets
GfxDevice: creating device client; threaded=0
Direct3D:
    Version:  Direct3D 11.0 [level 11.1]
    Renderer: NVIDIA GeForce GTX 1650 (ID=0x1f91)
    Vendor:   
    VRAM:     3962 MB
    Driver:   27.21.14.6109
Initialize mono
Mono path[0] = 'C:/Program Files/Unity/Hub/Editor/2020.3.6f1/Editor/Data/Managed'
Mono path[1] = 'C:/Program Files/Unity/Hub/Editor/2020.3.6f1/Editor/Data/MonoBleedingEdge/lib/mono/unityjit'
Mono config path = 'C:/Program Files/Unity/Hub/Editor/2020.3.6f1/Editor/Data/MonoBleedingEdge/etc'
Using monoOptions --debugger-agent=transport=dt_socket,embedding=1,server=y,suspend=n,address=127.0.0.1:56684
Begin MonoManager ReloadAssembly
Registering precompiled unity dll's ...
Register platform support module: C:/Program Files/Unity/Hub/Editor/2020.3.6f1/Editor/Data/PlaybackEngines/WindowsStandaloneSupport/UnityEditor.WindowsStandalone.Extensions.dll
Registered in 0.001896 seconds.
Native extension for WindowsStandalone target not found
Refreshing native plugins compatible for Editor in 22.44 ms, found 0 plugins.
Preloading 0 native plugins for Editor in 0.00 ms.
Mono: successfully reloaded assembly
- Completed reload, in  1.780 seconds
Platform modules already initialized, skipping
Registering precompiled user dll's ...
Registered in 0.000585 seconds.
Begin MonoManager ReloadAssembly
Native extension for WindowsStandalone target not found
Refreshing native plugins compatible for Editor in 0.19 ms, found 0 plugins.
Preloading 0 native plugins for Editor in 0.00 ms.
Mono: successfully reloaded assembly
- Completed reload, in  0.811 seconds
Platform modules already initialized, skipping
========================================================================
Worker process is ready to serve import requests
Launched and connected shader compiler UnityShaderCompiler.exe after 0.05 seconds
Refreshing native plugins compatible for Editor in 0.19 ms, found 0 plugins.
Preloading 0 native plugins for Editor in 0.00 ms.
Unloading 1130 Unused Serialized files (Serialized files now loaded: 0)
System memory in use before: 78.0 MB.
System memory in use after: 78.1 MB.

Unloading 9 unused Assets to reduce memory usage. Loaded Objects now: 1597.
Total: 2.128700 ms (FindLiveObjects: 0.150800 ms CreateObjectMapping: 0.043500 ms MarkObjects: 1.847400 ms  DeleteObjects: 0.085800 ms)

========================================================================
Received Import Request.
  path: Assets/Scripts/asteroidmovement.cs
  artifactKey: Guid(db50a10d327c33e4b9bee4b90e6a0c9b) Importer(815301076,1909f56bfc062723c751e8b465ee728b)
Start importing Assets/Scripts/asteroidmovement.cs using Guid(db50a10d327c33e4b9bee4b90e6a0c9b) Importer(815301076,1909f56bfc062723c751e8b465ee728b)  -> (artifact id: 'fec02223cf08aa88cbc73cda228b1ea4') in 0.027599 seconds
  Import took 0.029473 seconds .

========================================================================
Received Prepare
Refreshing native plugins compatible for Editor in 0.56 ms, found 0 plugins.
Preloading 0 native plugins for Editor in 0.00 ms.
Unloading 3 Unused Serialized files (Serialized files now loaded: 0)
System memory in use before: 55.5 MB.
System memory in use after: 55.6 MB.

Unloading 3 unused Assets to reduce memory usage. Loaded Objects now: 1597.
Total: 3.324300 ms (FindLiveObjects: 0.390700 ms CreateObjectMapping: 0.125400 ms MarkObjects: 2.720000 ms  DeleteObjects: 0.086300 ms)

========================================================================
Received Import Request.
  Time since last request: 115.137235 seconds.
  path: Assets/Scripts/shoot.cs
  artifactKey: Guid(0af3611593099244d8801ee629ac1e90) Importer(815301076,1909f56bfc062723c751e8b465ee728b)
Start importing Assets/Scripts/shoot.cs using Guid(0af3611593099244d8801ee629ac1e90) Importer(815301076,1909f56bfc062723c751e8b465ee728b)  -> (artifact id: 'b724e92236694f1c1e4771c2638de2a2') in 0.009294 seconds
  Import took 0.011271 seconds .

========================================================================
Received Import Request.
  Time since last request: 0.001736 seconds.
  path: Assets/Scripts/shoot.cs
  artifactKey: Guid(0af3611593099244d8801ee629ac1e90) Importer(815301076,1909f56bfc062723c751e8b465ee728b)
Start importing Assets/Scripts/shoot.cs using Guid(0af3611593099244d8801ee629ac1e90) Importer(815301076,1909f56bfc062723c751e8b465ee728b)  -> (artifact id: 'b724e92236694f1c1e4771c2638de2a2') in 0.002415 seconds
  Import took 0.004450 seconds .

========================================================================
Received Prepare
Registering precompiled user dll's ...
Registered in 0.000665 seconds.
Begin MonoManager ReloadAssembly
Native extension for WindowsStandalone target not found
Refreshing native plugins compatible for Editor in 0.19 ms, found 0 plugins.
Preloading 0 native plugins for Editor in 0.00 ms.
Mono: successfully reloaded assembly
- Completed reload, in  0.790 seconds
Platform modules already initialized, skipping
Refreshing native plugins compatible for Editor in 0.26 ms, found 0 plugins.
Preloading 0 native plugins for Editor in 0.00 ms.
Unloading 1125 Unused Serialized files (Serialized files now loaded: 0)
System memory in use before: 78.0 MB.
System memory in use after: 78.0 MB.

Unloading 5 unused Assets to reduce memory usage. Loaded Objects now: 1600.
Total: 1.646300 ms (FindLiveObjects: 0.130900 ms CreateObjectMapping: 0.036300 ms MarkObjects: 1.413200 ms  DeleteObjects: 0.064500 ms)

========================================================================
Received Prepare
Registering precompiled user dll's ...
Registered in 0.000498 seconds.
Begin MonoManager ReloadAssembly
Native extension for WindowsStandalone target not found
Refreshing native plugins compatible for Editor in 0.19 ms, found 0 plugins.
Preloading 0 native plugins for Editor in 0.00 ms.
Mono: successfully reloaded assembly
- Completed reload, in  0.743 seconds
Platform modules already initialized, skipping
Refreshing native plugins compatible for Editor in 0.18 ms, found 0 plugins.
Preloading 0 native plugins for Editor in 0.00 ms.
Unloading 1125 Unused Serialized files (Serialized files now loaded: 0)
System memory in use before: 78.0 MB.
System memory in use after: 78.1 MB.

Unloading 5 unused Assets to reduce memory usage. Loaded Objects now: 1603.
Total: 1.899700 ms (FindLiveObjects: 0.173500 ms CreateObjectMapping: 0.046000 ms MarkObjects: 1.603900 ms  DeleteObjects: 0.075200 ms)

========================================================================
Received Prepare
Registering precompiled user dll's ...
Registered in 0.000535 seconds.
Begin MonoManager ReloadAssembly
Native extension for WindowsStandalone target not found
Refreshing native plugins compatible for Editor in 0.24 ms, found 0 plugins.
Preloading 0 native plugins for Editor in 0.00 ms.
Mono: successfully reloaded assembly
- Completed reload, in  0.762 seconds
Platform modules already initialized, skipping
Refreshing native plugins compatible for Editor in 0.30 ms, found 0 plugins.
Preloading 0 native plugins for Editor in 0.00 ms.
Unloading 1125 Unused Serialized files (Serialized files now loaded: 0)
System memory in use before: 78.0 MB.
System memory in use after: 78.1 MB.

Unloading 5 unused Assets to reduce memory usage. Loaded Objects now: 1606.
Total: 1.798200 ms (FindLiveObjects: 0.151000 ms CreateObjectMapping: 0.036900 ms MarkObjects: 1.545600 ms  DeleteObjects: 0.063500 ms)

========================================================================
Received Import Request.
  Time since last request: 634.840667 seconds.
  path: Assets/Scripts/collision.cs
  artifactKey: Guid(ef1ddab16f19ed747861dab262f22666) Importer(815301076,1909f56bfc062723c751e8b465ee728b)
Start importing Assets/Scripts/collision.cs using Guid(ef1ddab16f19ed747861dab262f22666) Importer(815301076,1909f56bfc062723c751e8b465ee728b)  -> (artifact id: '8564bad5eb7455e0345b6b8071b12cea') in 0.009632 seconds
  Import took 0.011907 seconds .

========================================================================
Received Import Request.
  Time since last request: 0.000588 seconds.
  path: Assets/Scripts/collision.cs
  artifactKey: Guid(ef1ddab16f19ed747861dab262f22666) Importer(815301076,1909f56bfc062723c751e8b465ee728b)
Start importing Assets/Scripts/collision.cs using Guid(ef1ddab16f19ed747861dab262f22666) Importer(815301076,1909f56bfc062723c751e8b465ee728b)  -> (artifact id: '8564bad5eb7455e0345b6b8071b12cea') in 0.003379 seconds
  Import took 0.006274 seconds .

========================================================================
Received Prepare
Registering precompiled user dll's ...
Registered in 0.000544 seconds.
Begin MonoManager ReloadAssembly
Native extension for WindowsStandalone target not found
Refreshing native plugins compatible for Editor in 0.21 ms, found 0 plugins.
Preloading 0 native plugins for Editor in 0.00 ms.
Mono: successfully reloaded assembly
- Completed reload, in  0.735 seconds
Platform modules already initialized, skipping
Refreshing native plugins compatible for Editor in 0.24 ms, found 0 plugins.
Preloading 0 native plugins for Editor in 0.00 ms.
Unloading 1125 Unused Serialized files (Serialized files now loaded: 0)
System memory in use before: 78.0 MB.
System memory in use after: 78.1 MB.

Unloading 5 unused Assets to reduce memory usage. Loaded Objects now: 1609.
Total: 2.209900 ms (FindLiveObjects: 0.467800 ms CreateObjectMapping: 0.044800 ms MarkObjects: 1.629300 ms  DeleteObjects: 0.066600 ms)

========================================================================
Received Import Request.
  Time since last request: 87.354174 seconds.
  path: Assets/Scripts/asteroid.cs
  artifactKey: Guid(0a52951d9b3c69341ac6630a6ec140e2) Importer(815301076,1909f56bfc062723c751e8b465ee728b)
Start importing Assets/Scripts/asteroid.cs using Guid(0a52951d9b3c69341ac6630a6ec140e2) Importer(815301076,1909f56bfc062723c751e8b465ee728b)  -> (artifact id: '2a5386f4bb5b26b6a96bdd53dfd91df4') in 0.009589 seconds
  Import took 0.011643 seconds .

========================================================================
Received Import Request.
  Time since last request: 0.028516 seconds.
  path: Assets/Scripts/asteroid.cs
  artifactKey: Guid(0a52951d9b3c69341ac6630a6ec140e2) Importer(815301076,1909f56bfc062723c751e8b465ee728b)
Start importing Assets/Scripts/asteroid.cs using Guid(0a52951d9b3c69341ac6630a6ec140e2) Importer(815301076,1909f56bfc062723c751e8b465ee728b)  -> (artifact id: '2a5386f4bb5b26b6a96bdd53dfd91df4') in 0.001634 seconds
  Import took 0.003336 seconds .

========================================================================
Received Prepare
Registering precompiled user dll's ...
Registered in 0.000502 seconds.
Begin MonoManager ReloadAssembly
Native extension for WindowsStandalone target not found
Refreshing native plugins compatible for Editor in 0.50 ms, found 0 plugins.
Preloading 0 native plugins for Editor in 0.00 ms.
Mono: successfully reloaded assembly
- Completed reload, in  0.755 seconds
Platform modules already initialized, skipping
Refreshing native plugins compatible for Editor in 0.18 ms, found 0 plugins.
Preloading 0 native plugins for Editor in 0.00 ms.
Unloading 1125 Unused Serialized files (Serialized files now loaded: 0)
System memory in use before: 78.0 MB.
System memory in use after: 78.1 MB.

Unloading 5 unused Assets to reduce memory usage. Loaded Objects now: 1612.
Total: 1.837200 ms (FindLiveObjects: 0.174000 ms CreateObjectMapping: 0.046400 ms MarkObjects: 1.548700 ms  DeleteObjects: 0.066600 ms)

========================================================================
Received Prepare
Registering precompiled user dll's ...
Registered in 0.000903 seconds.
Begin MonoManager ReloadAssembly
Native extension for WindowsStandalone target not found
Refreshing native plugins compatible for Editor in 0.19 ms, found 0 plugins.
Preloading 0 native plugins for Editor in 0.00 ms.
Mono: successfully reloaded assembly
- Completed reload, in  0.749 seconds
Platform modules already initialized, skipping
Refreshing native plugins compatible for Editor in 0.20 ms, found 0 plugins.
Preloading 0 native plugins for Editor in 0.00 ms.
Unloading 1125 Unused Serialized files (Serialized files now loaded: 0)
System memory in use before: 78.0 MB.
System memory in use after: 78.1 MB.

Unloading 5 unused Assets to reduce memory usage. Loaded Objects now: 1615.
Total: 2.006900 ms (FindLiveObjects: 0.133000 ms CreateObjectMapping: 0.037800 ms MarkObjects: 1.767600 ms  DeleteObjects: 0.067700 ms)

========================================================================
Received Prepare
Registering precompiled user dll's ...
Registered in 0.000523 seconds.
Begin MonoManager ReloadAssembly
Native extension for WindowsStandalone target not found
Refreshing native plugins compatible for Editor in 0.19 ms, found 0 plugins.
Preloading 0 native plugins for Editor in 0.00 ms.
Mono: successfully reloaded assembly
- Completed reload, in  0.734 seconds
Platform modules already initialized, skipping
Refreshing native plugins compatible for Editor in 0.19 ms, found 0 plugins.
Preloading 0 native plugins for Editor in 0.00 ms.
Unloading 1125 Unused Serialized files (Serialized files now loaded: 0)
System memory in use before: 78.0 MB.
System memory in use after: 78.1 MB.

Unloading 5 unused Assets to reduce memory usage. Loaded Objects now: 1618.
Total: 2.039400 ms (FindLiveObjects: 0.191600 ms CreateObjectMapping: 0.054700 ms MarkObjects: 1.719200 ms  DeleteObjects: 0.072500 ms)

========================================================================
Received Prepare
Registering precompiled user dll's ...
Registered in 0.000735 seconds.
Begin MonoManager ReloadAssembly
Native extension for WindowsStandalone target not found
Refreshing native plugins compatible for Editor in 0.19 ms, found 0 plugins.
Preloading 0 native plugins for Editor in 0.00 ms.
Mono: successfully reloaded assembly
- Completed reload, in  0.740 seconds
Platform modules already initialized, skipping
Refreshing native plugins compatible for Editor in 0.19 ms, found 0 plugins.
Preloading 0 native plugins for Editor in 0.00 ms.
Unloading 1125 Unused Serialized files (Serialized files now loaded: 0)
System memory in use before: 78.1 MB.
System memory in use after: 78.1 MB.

Unloading 5 unused Assets to reduce memory usage. Loaded Objects now: 1621.
Total: 2.456400 ms (FindLiveObjects: 0.240000 ms CreateObjectMapping: 0.048000 ms MarkObjects: 2.074600 ms  DeleteObjects: 0.092000 ms)

========================================================================
Received Prepare
Registering precompiled user dll's ...
Registered in 0.000510 seconds.
Begin MonoManager ReloadAssembly
Native extension for WindowsStandalone target not found
Refreshing native plugins compatible for Editor in 0.21 ms, found 0 plugins.
Preloading 0 native plugins for Editor in 0.00 ms.
Mono: successfully reloaded assembly
- Completed reload, in  0.717 seconds
Platform modules already initialized, skipping
Refreshing native plugins compatible for Editor in 0.22 ms, found 0 plugins.
Preloading 0 native plugins for Editor in 0.00 ms.
Unloading 1125 Unused Serialized files (Serialized files now loaded: 0)
System memory in use before: 78.1 MB.
System memory in use after: 78.1 MB.

Unloading 5 unused Assets to reduce memory usage. Loaded Objects now: 1624.
Total: 1.777700 ms (FindLiveObjects: 0.172300 ms CreateObjectMapping: 0.034700 ms MarkObjects: 1.506500 ms  DeleteObjects: 0.062000 ms)

========================================================================
Received Prepare
Registering precompiled user dll's ...
Registered in 0.000500 seconds.
Begin MonoManager ReloadAssembly
Native extension for WindowsStandalone target not found
Refreshing native plugins compatible for Editor in 0.19 ms, found 0 plugins.
Preloading 0 native plugins for Editor in 0.00 ms.
Mono: successfully reloaded assembly
- Completed reload, in  0.729 seconds
Platform modules already initialized, skipping
Refreshing native plugins compatible for Editor in 0.19 ms, found 0 plugins.
Preloading 0 native plugins for Editor in 0.00 ms.
Unloading 1125 Unused Serialized files (Serialized files now loaded: 0)
System memory in use before: 78.1 MB.
System memory in use after: 78.1 MB.

Unloading 5 unused Assets to reduce memory usage. Loaded Objects now: 1627.
Total: 2.054300 ms (FindLiveObjects: 0.214200 ms CreateObjectMapping: 0.043900 ms MarkObjects: 1.721700 ms  DeleteObjects: 0.072600 ms)

========================================================================
Received Import Request.
  Time since last request: 903.156225 seconds.
  path: Assets/Scripts/asteroid.cs
  artifactKey: Guid(0a52951d9b3c69341ac6630a6ec140e2) Importer(815301076,1909f56bfc062723c751e8b465ee728b)
Start importing Assets/Scripts/asteroid.cs using Guid(0a52951d9b3c69341ac6630a6ec140e2) Importer(815301076,1909f56bfc062723c751e8b465ee728b)  -> (artifact id: '6664a914ce19c4ff6087c99d1800827d') in 0.004092 seconds
  Import took 0.005832 seconds .

========================================================================
Received Import Request.
  Time since last request: 0.004951 seconds.
  path: Assets/Scripts/asteroid.cs
  artifactKey: Guid(0a52951d9b3c69341ac6630a6ec140e2) Importer(815301076,1909f56bfc062723c751e8b465ee728b)
Start importing Assets/Scripts/asteroid.cs using Guid(0a52951d9b3c69341ac6630a6ec140e2) Importer(815301076,1909f56bfc062723c751e8b465ee728b)  -> (artifact id: '6664a914ce19c4ff6087c99d1800827d') in 0.003642 seconds
  Import took 0.005920 seconds .

========================================================================
Received Import Request.
  Time since last request: 8.563722 seconds.
  path: Assets/Scripts/bullet.cs
  artifactKey: Guid(5db2517afc694c445b2347c5b6426417) Importer(815301076,1909f56bfc062723c751e8b465ee728b)
Start importing Assets/Scripts/bullet.cs using Guid(5db2517afc694c445b2347c5b6426417) Importer(815301076,1909f56bfc062723c751e8b465ee728b)  -> (artifact id: '015bc2d573570c49b38d6aed8c41ba22') in 0.007879 seconds
  Import took 0.009876 seconds .

========================================================================
Received Import Request.
  Time since last request: 0.002400 seconds.
  path: Assets/Scripts/bullet.cs
  artifactKey: Guid(5db2517afc694c445b2347c5b6426417) Importer(815301076,1909f56bfc062723c751e8b465ee728b)
Start importing Assets/Scripts/bullet.cs using Guid(5db2517afc694c445b2347c5b6426417) Importer(815301076,1909f56bfc062723c751e8b465ee728b)  -> (artifact id: '015bc2d573570c49b38d6aed8c41ba22') in 0.002830 seconds
  Import took 0.004514 seconds .

========================================================================
Received Import Request.
  Time since last request: 4.245565 seconds.
  path: Assets/Scripts/EarthRotation.cs
  artifactKey: Guid(780fcc17e8b80e54c95ccf55101c9414) Importer(815301076,1909f56bfc062723c751e8b465ee728b)
Start importing Assets/Scripts/EarthRotation.cs using Guid(780fcc17e8b80e54c95ccf55101c9414) Importer(815301076,1909f56bfc062723c751e8b465ee728b)  -> (artifact id: 'b657b55bd1e5355b58b4d904c24eb2ed') in 0.008468 seconds
  Import took 0.010764 seconds .

========================================================================
Received Import Request.
  Time since last request: 0.000967 seconds.
  path: Assets/Scripts/EarthRotation.cs
  artifactKey: Guid(780fcc17e8b80e54c95ccf55101c9414) Importer(815301076,1909f56bfc062723c751e8b465ee728b)
Start importing Assets/Scripts/EarthRotation.cs using Guid(780fcc17e8b80e54c95ccf55101c9414) Importer(815301076,1909f56bfc062723c751e8b465ee728b)  -> (artifact id: 'b657b55bd1e5355b58b4d904c24eb2ed') in 0.001768 seconds
  Import took 0.003572 seconds .

========================================================================
Received Import Request.
  Time since last request: 2.058866 seconds.
  path: Assets/Scripts/GameOver.cs
  artifactKey: Guid(fdf42c76cf1eb1c42aed9f3c8aaeaa1f) Importer(815301076,1909f56bfc062723c751e8b465ee728b)
Start importing Assets/Scripts/GameOver.cs using Guid(fdf42c76cf1eb1c42aed9f3c8aaeaa1f) Importer(815301076,1909f56bfc062723c751e8b465ee728b)  -> (artifact id: '82c8e26ee7bc6efc44822c52a5520713') in 0.006511 seconds
  Import took 0.009024 seconds .

========================================================================
Received Import Request.
  Time since last request: 1.348956 seconds.
  path: Assets/Scripts/PauseMenu.cs
  artifactKey: Guid(88e04a3a57959b04c9e4d72110024b41) Importer(815301076,1909f56bfc062723c751e8b465ee728b)
Start importing Assets/Scripts/PauseMenu.cs using Guid(88e04a3a57959b04c9e4d72110024b41) Importer(815301076,1909f56bfc062723c751e8b465ee728b)  -> (artifact id: '48f9923c8157684be19558d842d4c6e5') in 0.007687 seconds
  Import took 0.010070 seconds .

========================================================================
Received Import Request.
  Time since last request: 0.001584 seconds.
  path: Assets/Scripts/PauseMenu.cs
  artifactKey: Guid(88e04a3a57959b04c9e4d72110024b41) Importer(815301076,1909f56bfc062723c751e8b465ee728b)
Start importing Assets/Scripts/PauseMenu.cs using Guid(88e04a3a57959b04c9e4d72110024b41) Importer(815301076,1909f56bfc062723c751e8b465ee728b)  -> (artifact id: '48f9923c8157684be19558d842d4c6e5') in 0.002048 seconds
  Import took 0.004000 seconds .

========================================================================
Received Import Request.
  Time since last request: 5.402775 seconds.
  path: Assets/Scripts/playership.cs
  artifactKey: Guid(3dcf5321e40184e47ad8ede6322c8d82) Importer(815301076,1909f56bfc062723c751e8b465ee728b)
Start importing Assets/Scripts/playership.cs using Guid(3dcf5321e40184e47ad8ede6322c8d82) Importer(815301076,1909f56bfc062723c751e8b465ee728b)  -> (artifact id: 'ece2b78d434feb5fdf95c38b78314988') in 0.005153 seconds
  Import took 0.007468 seconds .

========================================================================
Received Import Request.
  Time since last request: 0.001367 seconds.
  path: Assets/Scripts/playership.cs
  artifactKey: Guid(3dcf5321e40184e47ad8ede6322c8d82) Importer(815301076,1909f56bfc062723c751e8b465ee728b)
Start importing Assets/Scripts/playership.cs using Guid(3dcf5321e40184e47ad8ede6322c8d82) Importer(815301076,1909f56bfc062723c751e8b465ee728b)  -> (artifact id: 'ece2b78d434feb5fdf95c38b78314988') in 0.001683 seconds
  Import took 0.003345 seconds .

========================================================================
Received Prepare
Registering precompiled user dll's ...
Registered in 0.001029 seconds.
Begin MonoManager ReloadAssembly
Native extension for WindowsStandalone target not found
Refreshing native plugins compatible for Editor in 0.37 ms, found 0 plugins.
Preloading 0 native plugins for Editor in 0.00 ms.
Mono: successfully reloaded assembly
- Completed reload, in  0.735 seconds
Platform modules already initialized, skipping
Refreshing native plugins compatible for Editor in 0.19 ms, found 0 plugins.
Preloading 0 native plugins for Editor in 0.00 ms.
Unloading 1125 Unused Serialized files (Serialized files now loaded: 0)
System memory in use before: 78.1 MB.
System memory in use after: 78.1 MB.

Unloading 5 unused Assets to reduce memory usage. Loaded Objects now: 1630.
Total: 1.843400 ms (FindLiveObjects: 0.109300 ms CreateObjectMapping: 0.030600 ms MarkObjects: 1.641000 ms  DeleteObjects: 0.061300 ms)

========================================================================
Received Prepare
Registering precompiled user dll's ...
Registered in 0.000467 seconds.
Begin MonoManager ReloadAssembly
Native extension for WindowsStandalone target not found
Refreshing native plugins compatible for Editor in 0.21 ms, found 0 plugins.
Preloading 0 native plugins for Editor in 0.00 ms.
Mono: successfully reloaded assembly
- Completed reload, in  0.733 seconds
Platform modules already initialized, skipping
Refreshing native plugins compatible for Editor in 0.19 ms, found 0 plugins.
Preloading 0 native plugins for Editor in 0.00 ms.
Unloading 1125 Unused Serialized files (Serialized files now loaded: 0)
System memory in use before: 78.1 MB.
System memory in use after: 78.2 MB.

Unloading 5 unused Assets to reduce memory usage. Loaded Objects now: 1633.
Total: 1.989700 ms (FindLiveObjects: 0.172600 ms CreateObjectMapping: 0.036700 ms MarkObjects: 1.710100 ms  DeleteObjects: 0.069000 ms)

========================================================================
Received Prepare
Registering precompiled user dll's ...
Registered in 0.000684 seconds.
Begin MonoManager ReloadAssembly
Native extension for WindowsStandalone target not found
Refreshing native plugins compatible for Editor in 0.19 ms, found 0 plugins.
Preloading 0 native plugins for Editor in 0.00 ms.
Mono: successfully reloaded assembly
- Completed reload, in  0.729 seconds
Platform modules already initialized, skipping
Refreshing native plugins compatible for Editor in 0.21 ms, found 0 plugins.
Preloading 0 native plugins for Editor in 0.00 ms.
Unloading 1125 Unused Serialized files (Serialized files now loaded: 0)
System memory in use before: 78.1 MB.
System memory in use after: 78.2 MB.

Unloading 5 unused Assets to reduce memory usage. Loaded Objects now: 1636.
Total: 1.665500 ms (FindLiveObjects: 0.148500 ms CreateObjectMapping: 0.040200 ms MarkObjects: 1.389700 ms  DeleteObjects: 0.085600 ms)

========================================================================
Received Prepare
Registering precompiled user dll's ...
Registered in 0.000534 seconds.
Begin MonoManager ReloadAssembly
Native extension for WindowsStandalone target not found
Refreshing native plugins compatible for Editor in 0.18 ms, found 0 plugins.
Preloading 0 native plugins for Editor in 0.00 ms.
Mono: successfully reloaded assembly
- Completed reload, in  0.735 seconds
Platform modules already initialized, skipping
Refreshing native plugins compatible for Editor in 0.23 ms, found 0 plugins.
Preloading 0 native plugins for Editor in 0.00 ms.
Unloading 1125 Unused Serialized files (Serialized files now loaded: 0)
System memory in use before: 78.1 MB.
System memory in use after: 78.2 MB.

Unloading 5 unused Assets to reduce memory usage. Loaded Objects now: 1639.
Total: 1.838300 ms (FindLiveObjects: 0.133700 ms CreateObjectMapping: 0.044800 ms MarkObjects: 1.587300 ms  DeleteObjects: 0.071100 ms)

========================================================================
Received Prepare
Registering precompiled user dll's ...
Registered in 0.000532 seconds.
Begin MonoManager ReloadAssembly
Native extension for WindowsStandalone target not found
Refreshing native plugins compatible for Editor in 0.19 ms, found 0 plugins.
Preloading 0 native plugins for Editor in 0.00 ms.
Mono: successfully reloaded assembly
- Completed reload, in  0.754 seconds
Platform modules already initialized, skipping
Refreshing native plugins compatible for Editor in 0.19 ms, found 0 plugins.
Preloading 0 native plugins for Editor in 0.00 ms.
Unloading 1125 Unused Serialized files (Serialized files now loaded: 0)
System memory in use before: 78.1 MB.
System memory in use after: 78.2 MB.

Unloading 5 unused Assets to reduce memory usage. Loaded Objects now: 1642.
Total: 1.792400 ms (FindLiveObjects: 0.140200 ms CreateObjectMapping: 0.037100 ms MarkObjects: 1.547700 ms  DeleteObjects: 0.065900 ms)

========================================================================
Received Prepare
Registering precompiled user dll's ...
Registered in 0.000489 seconds.
Begin MonoManager ReloadAssembly
Native extension for WindowsStandalone target not found
Refreshing native plugins compatible for Editor in 0.21 ms, found 0 plugins.
Preloading 0 native plugins for Editor in 0.00 ms.
Mono: successfully reloaded assembly
- Completed reload, in  0.725 seconds
Platform modules already initialized, skipping
Refreshing native plugins compatible for Editor in 0.26 ms, found 0 plugins.
Preloading 0 native plugins for Editor in 0.00 ms.
Unloading 1125 Unused Serialized files (Serialized files now loaded: 0)
System memory in use before: 78.1 MB.
System memory in use after: 78.2 MB.

Unloading 5 unused Assets to reduce memory usage. Loaded Objects now: 1645.
Total: 2.057400 ms (FindLiveObjects: 0.270200 ms CreateObjectMapping: 0.142700 ms MarkObjects: 1.574000 ms  DeleteObjects: 0.069300 ms)

========================================================================
Received Prepare
Registering precompiled user dll's ...
Registered in 0.000686 seconds.
Begin MonoManager ReloadAssembly
Native extension for WindowsStandalone target not found
Refreshing native plugins compatible for Editor in 0.19 ms, found 0 plugins.
Preloading 0 native plugins for Editor in 0.00 ms.
Mono: successfully reloaded assembly
- Completed reload, in  0.735 seconds
Platform modules already initialized, skipping
Refreshing native plugins compatible for Editor in 0.23 ms, found 0 plugins.
Preloading 0 native plugins for Editor in 0.00 ms.
Unloading 1125 Unused Serialized files (Serialized files now loaded: 0)
System memory in use before: 78.1 MB.
System memory in use after: 78.2 MB.

Unloading 5 unused Assets to reduce memory usage. Loaded Objects now: 1648.
Total: 1.978100 ms (FindLiveObjects: 0.146400 ms CreateObjectMapping: 0.127700 ms MarkObjects: 1.641000 ms  DeleteObjects: 0.062200 ms)

========================================================================
Received Prepare
Registering precompiled user dll's ...
Registered in 0.000580 seconds.
Begin MonoManager ReloadAssembly
Native extension for WindowsStandalone target not found
Refreshing native plugins compatible for Editor in 0.23 ms, found 0 plugins.
Preloading 0 native plugins for Editor in 0.00 ms.
Mono: successfully reloaded assembly
- Completed reload, in  0.728 seconds
Platform modules already initialized, skipping
Refreshing native plugins compatible for Editor in 0.22 ms, found 0 plugins.
Preloading 0 native plugins for Editor in 0.00 ms.
Unloading 1125 Unused Serialized files (Serialized files now loaded: 0)
System memory in use before: 78.1 MB.
System memory in use after: 78.2 MB.

Unloading 5 unused Assets to reduce memory usage. Loaded Objects now: 1651.
Total: 2.093500 ms (FindLiveObjects: 0.190900 ms CreateObjectMapping: 0.050900 ms MarkObjects: 1.774500 ms  DeleteObjects: 0.075300 ms)

========================================================================
Received Prepare
Registering precompiled user dll's ...
Registered in 0.000653 seconds.
Begin MonoManager ReloadAssembly
Native extension for WindowsStandalone target not found
Refreshing native plugins compatible for Editor in 0.19 ms, found 0 plugins.
Preloading 0 native plugins for Editor in 0.00 ms.
Mono: successfully reloaded assembly
- Completed reload, in  0.709 seconds
Platform modules already initialized, skipping
Refreshing native plugins compatible for Editor in 0.20 ms, found 0 plugins.
Preloading 0 native plugins for Editor in 0.00 ms.
Unloading 1125 Unused Serialized files (Serialized files now loaded: 0)
System memory in use before: 78.1 MB.
System memory in use after: 78.2 MB.

Unloading 5 unused Assets to reduce memory usage. Loaded Objects now: 1654.
Total: 1.822000 ms (FindLiveObjects: 0.127500 ms CreateObjectMapping: 0.032600 ms MarkObjects: 1.598700 ms  DeleteObjects: 0.062200 ms)

========================================================================
Received Prepare
Registering precompiled user dll's ...
Registered in 0.000460 seconds.
Begin MonoManager ReloadAssembly
Native extension for WindowsStandalone target not found
Refreshing native plugins compatible for Editor in 0.20 ms, found 0 plugins.
Preloading 0 native plugins for Editor in 0.00 ms.
Mono: successfully reloaded assembly
- Completed reload, in  0.751 seconds
Platform modules already initialized, skipping
Refreshing native plugins compatible for Editor in 0.19 ms, found 0 plugins.
Preloading 0 native plugins for Editor in 0.00 ms.
Unloading 1125 Unused Serialized files (Serialized files now loaded: 0)
System memory in use before: 78.1 MB.
System memory in use after: 78.2 MB.

Unloading 5 unused Assets to reduce memory usage. Loaded Objects now: 1657.
Total: 1.962200 ms (FindLiveObjects: 0.129400 ms CreateObjectMapping: 0.036800 ms MarkObjects: 1.726500 ms  DeleteObjects: 0.068600 ms)

========================================================================
Received Prepare
Registering precompiled user dll's ...
Registered in 0.000479 seconds.
Begin MonoManager ReloadAssembly
Native extension for WindowsStandalone target not found
Refreshing native plugins compatible for Editor in 0.21 ms, found 0 plugins.
Preloading 0 native plugins for Editor in 0.00 ms.
Mono: successfully reloaded assembly
- Completed reload, in  0.725 seconds
Platform modules already initialized, skipping
Refreshing native plugins compatible for Editor in 0.19 ms, found 0 plugins.
Preloading 0 native plugins for Editor in 0.00 ms.
Unloading 1125 Unused Serialized files (Serialized files now loaded: 0)
System memory in use before: 78.1 MB.
System memory in use after: 78.2 MB.

Unloading 5 unused Assets to reduce memory usage. Loaded Objects now: 1660.
Total: 2.130900 ms (FindLiveObjects: 0.368900 ms CreateObjectMapping: 0.054400 ms MarkObjects: 1.638900 ms  DeleteObjects: 0.066700 ms)

========================================================================
Received Prepare
Registering precompiled user dll's ...
Registered in 0.000466 seconds.
Begin MonoManager ReloadAssembly
Native extension for WindowsStandalone target not found
Refreshing native plugins compatible for Editor in 0.20 ms, found 0 plugins.
Preloading 0 native plugins for Editor in 0.00 ms.
Mono: successfully reloaded assembly
- Completed reload, in  0.717 seconds
Platform modules already initialized, skipping
Refreshing native plugins compatible for Editor in 0.19 ms, found 0 plugins.
Preloading 0 native plugins for Editor in 0.00 ms.
Unloading 1125 Unused Serialized files (Serialized files now loaded: 0)
System memory in use before: 78.1 MB.
System memory in use after: 78.2 MB.

Unloading 5 unused Assets to reduce memory usage. Loaded Objects now: 1663.
Total: 2.117500 ms (FindLiveObjects: 0.420400 ms CreateObjectMapping: 0.045800 ms MarkObjects: 1.570200 ms  DeleteObjects: 0.079800 ms)

========================================================================
Received Import Request.
  Time since last request: 1390.467090 seconds.
  path: Assets/Scripts/asteroid.cs
  artifactKey: Guid(0a52951d9b3c69341ac6630a6ec140e2) Importer(815301076,1909f56bfc062723c751e8b465ee728b)
Start importing Assets/Scripts/asteroid.cs using Guid(0a52951d9b3c69341ac6630a6ec140e2) Importer(815301076,1909f56bfc062723c751e8b465ee728b)  -> (artifact id: 'c79df3f8f25d1b2051bd1c8127a4bb0c') in 0.006547 seconds
  Import took 0.008612 seconds .

========================================================================
Received Import Request.
  Time since last request: 0.015724 seconds.
  path: Assets/Scripts/asteroid.cs
  artifactKey: Guid(0a52951d9b3c69341ac6630a6ec140e2) Importer(815301076,1909f56bfc062723c751e8b465ee728b)
Start importing Assets/Scripts/asteroid.cs using Guid(0a52951d9b3c69341ac6630a6ec140e2) Importer(815301076,1909f56bfc062723c751e8b465ee728b)  -> (artifact id: 'c79df3f8f25d1b2051bd1c8127a4bb0c') in 0.001675 seconds
  Import took 0.003466 seconds .

========================================================================
Received Prepare
Registering precompiled user dll's ...
Registered in 0.000557 seconds.
Begin MonoManager ReloadAssembly
Native extension for WindowsStandalone target not found
Refreshing native plugins compatible for Editor in 0.19 ms, found 0 plugins.
Preloading 0 native plugins for Editor in 0.00 ms.
Mono: successfully reloaded assembly
- Completed reload, in  0.727 seconds
Platform modules already initialized, skipping
Refreshing native plugins compatible for Editor in 0.19 ms, found 0 plugins.
Preloading 0 native plugins for Editor in 0.00 ms.
Unloading 1125 Unused Serialized files (Serialized files now loaded: 0)
System memory in use before: 78.2 MB.
System memory in use after: 78.2 MB.

Unloading 5 unused Assets to reduce memory usage. Loaded Objects now: 1666.
Total: 2.013200 ms (FindLiveObjects: 0.233200 ms CreateObjectMapping: 0.072200 ms MarkObjects: 1.642900 ms  DeleteObjects: 0.063800 ms)

========================================================================
Received Prepare
Registering precompiled user dll's ...
Registered in 0.000502 seconds.
Begin MonoManager ReloadAssembly
Native extension for WindowsStandalone target not found
Refreshing native plugins compatible for Editor in 0.19 ms, found 0 plugins.
Preloading 0 native plugins for Editor in 0.00 ms.
Mono: successfully reloaded assembly
- Completed reload, in  0.731 seconds
Platform modules already initialized, skipping
Refreshing native plugins compatible for Editor in 0.24 ms, found 0 plugins.
Preloading 0 native plugins for Editor in 0.00 ms.
Unloading 1125 Unused Serialized files (Serialized files now loaded: 0)
System memory in use before: 78.2 MB.
System memory in use after: 78.2 MB.

Unloading 5 unused Assets to reduce memory usage. Loaded Objects now: 1669.
Total: 2.040300 ms (FindLiveObjects: 0.311100 ms CreateObjectMapping: 0.070800 ms MarkObjects: 1.577200 ms  DeleteObjects: 0.079500 ms)

========================================================================
Received Prepare
Registering precompiled user dll's ...
Registered in 0.000678 seconds.
Begin MonoManager ReloadAssembly
Native extension for WindowsStandalone target not found
Refreshing native plugins compatible for Editor in 0.19 ms, found 0 plugins.
Preloading 0 native plugins for Editor in 0.00 ms.
Mono: successfully reloaded assembly
- Completed reload, in  0.729 seconds
Platform modules already initialized, skipping
Refreshing native plugins compatible for Editor in 0.22 ms, found 0 plugins.
Preloading 0 native plugins for Editor in 0.00 ms.
Unloading 1125 Unused Serialized files (Serialized files now loaded: 0)
System memory in use before: 78.2 MB.
System memory in use after: 78.2 MB.

Unloading 5 unused Assets to reduce memory usage. Loaded Objects now: 1672.
Total: 1.730100 ms (FindLiveObjects: 0.133500 ms CreateObjectMapping: 0.034500 ms MarkObjects: 1.487200 ms  DeleteObjects: 0.074200 ms)

========================================================================
Received Prepare
Registering precompiled user dll's ...
Registered in 0.000499 seconds.
Begin MonoManager ReloadAssembly
Native extension for WindowsStandalone target not found
Refreshing native plugins compatible for Editor in 0.19 ms, found 0 plugins.
Preloading 0 native plugins for Editor in 0.00 ms.
Mono: successfully reloaded assembly
- Completed reload, in  0.803 seconds
Platform modules already initialized, skipping
Refreshing native plugins compatible for Editor in 0.19 ms, found 0 plugins.
Preloading 0 native plugins for Editor in 0.00 ms.
Unloading 1125 Unused Serialized files (Serialized files now loaded: 0)
System memory in use before: 78.2 MB.
System memory in use after: 78.2 MB.

Unloading 5 unused Assets to reduce memory usage. Loaded Objects now: 1675.
Total: 2.359600 ms (FindLiveObjects: 0.283200 ms CreateObjectMapping: 0.073100 ms MarkObjects: 1.892900 ms  DeleteObjects: 0.106500 ms)

========================================================================
Received Prepare
Registering precompiled user dll's ...
Registered in 0.000508 seconds.
Begin MonoManager ReloadAssembly
Native extension for WindowsStandalone target not found
Refreshing native plugins compatible for Editor in 0.19 ms, found 0 plugins.
Preloading 0 native plugins for Editor in 0.00 ms.
Mono: successfully reloaded assembly
- Completed reload, in  0.765 seconds
Platform modules already initialized, skipping
Refreshing native plugins compatible for Editor in 0.19 ms, found 0 plugins.
Preloading 0 native plugins for Editor in 0.00 ms.
Unloading 1125 Unused Serialized files (Serialized files now loaded: 0)
System memory in use before: 78.2 MB.
System memory in use after: 78.3 MB.

Unloading 5 unused Assets to reduce memory usage. Loaded Objects now: 1678.
Total: 2.007500 ms (FindLiveObjects: 0.167100 ms CreateObjectMapping: 0.040000 ms MarkObjects: 1.724600 ms  DeleteObjects: 0.074400 ms)

========================================================================
Received Prepare
Registering precompiled user dll's ...
Registered in 0.000456 seconds.
Begin MonoManager ReloadAssembly
Native extension for WindowsStandalone target not found
Refreshing native plugins compatible for Editor in 0.19 ms, found 0 plugins.
Preloading 0 native plugins for Editor in 0.00 ms.
Mono: successfully reloaded assembly
- Completed reload, in  0.769 seconds
Platform modules already initialized, skipping
Refreshing native plugins compatible for Editor in 0.23 ms, found 0 plugins.
Preloading 0 native plugins for Editor in 0.00 ms.
Unloading 1125 Unused Serialized files (Serialized files now loaded: 0)
System memory in use before: 78.2 MB.
System memory in use after: 78.3 MB.

Unloading 5 unused Assets to reduce memory usage. Loaded Objects now: 1681.
Total: 2.013900 ms (FindLiveObjects: 0.145700 ms CreateObjectMapping: 0.039200 ms MarkObjects: 1.734700 ms  DeleteObjects: 0.092600 ms)

AssetImportWorkerClient::OnTransportError - code=2 error=End of file
